<?xml version="1.0" encoding="UTF-8"?>
<robot generator="Robot 7.4.1 (Python 3.14.2 on darwin)" generated="2026-01-30T15:06:30.454967" rpa="false" schemaversion="5">
<suite id="s1" name="Testcases" source="/Users/framedoppio/Documents/camp-2026-automate-training/testcases">
<suite id="s1-s1" name="TC-002" source="/Users/framedoppio/Documents/camp-2026-automate-training/testcases/TC-002.robot">
<test id="s1-s1-t1" name="TC-002 - Open web, verify loan evaluation section and click loan evaluation button" line="7">
<kw name="This is test setup" owner="common" type="SETUP">
<kw name="Open Browser" owner="SeleniumLibrary">
<msg time="2026-01-30T15:06:30.678883" level="INFO">Opening browser 'gc' to base url 'https://www.cardx.co.th/'.</msg>
<arg>${home_page}</arg>
<arg>${browser}</arg>
<doc>Opens a new browser instance to the optional ``url``.</doc>
<status status="PASS" start="2026-01-30T15:06:30.678720" elapsed="5.161583"/>
</kw>
<status status="PASS" start="2026-01-30T15:06:30.678370" elapsed="5.162620"/>
</kw>
<kw name="Click loan evaluation button" owner="home_page_page">
<kw name="Scroll down and click when ready" owner="common">
<msg time="2026-01-30T15:06:35.843409" level="FAIL">Variable '${loan_evaluation_locator}' not found.</msg>
<arg>${loan_evaluation_locator}[btn_loan_evaluation]</arg>
<status status="FAIL" start="2026-01-30T15:06:35.842698" elapsed="0.000767">Variable '${loan_evaluation_locator}' not found.</status>
</kw>
<status status="FAIL" start="2026-01-30T15:06:35.842085" elapsed="0.001504">Variable '${loan_evaluation_locator}' not found.</status>
</kw>
<kw name="Select career" owner="loan_evaluation_page">
<arg>${loan_evaluation_locator}[opt_fulltime_staff]</arg>
<status status="NOT RUN" start="2026-01-30T15:06:35.843780" elapsed="0.000026"/>
</kw>
<kw name="Select result" owner="loan_evaluation_page">
<arg>${loan_evaluation_locator}[opt_type2]</arg>
<status status="NOT RUN" start="2026-01-30T15:06:35.843931" elapsed="0.000022"/>
</kw>
<kw name="Select loan type" owner="loan_evaluation_page">
<arg>${loan_evaluation_locator}[opt_speedy_loan]</arg>
<status status="NOT RUN" start="2026-01-30T15:06:35.844060" elapsed="0.000019"/>
</kw>
<kw name="Input user salary and credit line" owner="loan_evaluation_feature">
<arg>salary=${salary}</arg>
<arg>credit=${credit}</arg>
<status status="NOT RUN" start="2026-01-30T15:06:35.844188" elapsed="0.000020"/>
</kw>
<kw name="Verify expected error msg" owner="loan_evaluation_page">
<arg>error_msg=${loan_evaluation_locator}[txt_credit_exceed_msg]</arg>
<status status="NOT RUN" start="2026-01-30T15:06:35.844303" elapsed="0.000019"/>
</kw>
<kw name="This is test teardown" owner="common" type="TEARDOWN">
<kw name="Close Browser" owner="SeleniumLibrary">
<doc>Closes the current browser.</doc>
<status status="PASS" start="2026-01-30T15:06:35.844884" elapsed="0.100277"/>
</kw>
<status status="PASS" start="2026-01-30T15:06:35.844560" elapsed="0.100691"/>
</kw>
<tag>TC002</tag>
<status status="FAIL" start="2026-01-30T15:06:30.677923" elapsed="5.267401">Variable '${loan_evaluation_locator}' not found.</status>
</test>
<status status="FAIL" start="2026-01-30T15:06:30.474115" elapsed="5.471852"/>
</suite>
<status status="FAIL" start="2026-01-30T15:06:30.456000" elapsed="5.490607"/>
</suite>
<statistics>
<total>
<stat pass="0" fail="1" skip="0">All Tests</stat>
</total>
<tag>
<stat pass="0" fail="1" skip="0">TC002</stat>
</tag>
<suite>
<stat name="Testcases" id="s1" pass="0" fail="1" skip="0">Testcases</stat>
<stat name="TC-002" id="s1-s1" pass="0" fail="1" skip="0">Testcases.TC-002</stat>
</suite>
</statistics>
<errors>
<msg time="2026-01-30T15:06:30.677477" level="ERROR">Error in file '/Users/framedoppio/Documents/camp-2026-automate-training/resources/locators/loan_evaluation_locator.robot' on line 2: Setting variable '&amp;{loan_evaluation_locator}' failed: Dictionary '${loan_evaluation_page}' has no key 'txt_salary_box"'.</msg>
</errors>
</robot>
